/home/ljj/dev_ws/install/learning_gazebo/lib/python3.8/site-packages/learning_gazebo/__init__.py
/home/ljj/dev_ws/install/learning_gazebo/lib/python3.8/site-packages/learning_gazebo/__pycache__/__init__.cpython-38.pyc
/home/ljj/dev_ws/install/learning_gazebo/share/ament_index/resource_index/packages/learning_gazebo
/home/ljj/dev_ws/install/learning_gazebo/share/learning_gazebo/package.xml
/home/ljj/dev_ws/install/learning_gazebo/share/learning_gazebo/launch/mbot_camera.launch.py
/home/ljj/dev_ws/install/learning_gazebo/share/learning_gazebo/launch/load_mbot_rgbd_into_gazebo.launch.py
/home/ljj/dev_ws/install/learning_gazebo/share/learning_gazebo/launch/load_mbot_laser_into_gazebo.launch.py
/home/ljj/dev_ws/install/learning_gazebo/share/learning_gazebo/launch/load_mbot_camera_into_gazebo.launch.py
/home/ljj/dev_ws/install/learning_gazebo/share/learning_gazebo/launch/mbot_rgbd.launch.py
/home/ljj/dev_ws/install/learning_gazebo/share/learning_gazebo/launch/mbot_laser.launch.py
/home/ljj/dev_ws/install/learning_gazebo/share/learning_gazebo/launch/load_urdf_into_gazebo.launch.py
/home/ljj/dev_ws/install/learning_gazebo/share/learning_gazebo/launch/mbot.launch.py
/home/ljj/dev_ws/install/learning_gazebo/share/learning_gazebo/urdf/mbot_with_laser_gazebo.xacro
/home/ljj/dev_ws/install/learning_gazebo/share/learning_gazebo/urdf/mbot_base_gazebo.xacro
/home/ljj/dev_ws/install/learning_gazebo/share/learning_gazebo/urdf/mbot_with_kinect_gazebo.xacro
/home/ljj/dev_ws/install/learning_gazebo/share/learning_gazebo/urdf/mbot_gazebo.xacro
/home/ljj/dev_ws/install/learning_gazebo/share/learning_gazebo/urdf/mbot_with_camera_gazebo.xacro
/home/ljj/dev_ws/install/learning_gazebo/share/learning_gazebo/urdf/two_wheeled_robot_nav2.urdf
/home/ljj/dev_ws/install/learning_gazebo/share/learning_gazebo/meshes/kinect.dae
/home/ljj/dev_ws/install/learning_gazebo/share/learning_gazebo/meshes/kinect.tga
/home/ljj/dev_ws/install/learning_gazebo/share/learning_gazebo/meshes/kinect.jpg
/home/ljj/dev_ws/install/learning_gazebo/share/learning_gazebo/urdf/sensors/kinect_gazebo.xacro
/home/ljj/dev_ws/install/learning_gazebo/share/learning_gazebo/urdf/sensors/camera_gazebo.xacro
/home/ljj/dev_ws/install/learning_gazebo/share/learning_gazebo/urdf/sensors/lidar_gazebo.xacro
/home/ljj/dev_ws/install/learning_gazebo/share/learning_gazebo/worlds/empty_world.model
/home/ljj/dev_ws/install/learning_gazebo/share/learning_gazebo/worlds/neighborhood.world
/home/ljj/dev_ws/install/learning_gazebo/share/learning_gazebo/rviz/urdf_gazebo_config.rviz
/home/ljj/dev_ws/install/learning_gazebo/lib/python3.8/site-packages/learning_gazebo-0.0.0-py3.8.egg-info/PKG-INFO
/home/ljj/dev_ws/install/learning_gazebo/lib/python3.8/site-packages/learning_gazebo-0.0.0-py3.8.egg-info/zip-safe
/home/ljj/dev_ws/install/learning_gazebo/lib/python3.8/site-packages/learning_gazebo-0.0.0-py3.8.egg-info/dependency_links.txt
/home/ljj/dev_ws/install/learning_gazebo/lib/python3.8/site-packages/learning_gazebo-0.0.0-py3.8.egg-info/requires.txt
/home/ljj/dev_ws/install/learning_gazebo/lib/python3.8/site-packages/learning_gazebo-0.0.0-py3.8.egg-info/SOURCES.txt
/home/ljj/dev_ws/install/learning_gazebo/lib/python3.8/site-packages/learning_gazebo-0.0.0-py3.8.egg-info/entry_points.txt
/home/ljj/dev_ws/install/learning_gazebo/lib/python3.8/site-packages/learning_gazebo-0.0.0-py3.8.egg-info/top_level.txt
