/home/ljj/dev_ws/install/learning_launch/lib/python3.8/site-packages/learning_launch/__init__.py
/home/ljj/dev_ws/install/learning_launch/lib/python3.8/site-packages/learning_launch/__pycache__/__init__.cpython-38.pyc
/home/ljj/dev_ws/install/learning_launch/share/ament_index/resource_index/packages/learning_launch
/home/ljj/dev_ws/install/learning_launch/share/learning_launch/package.xml
/home/ljj/dev_ws/install/learning_launch/share/learning_launch/launch/parameters_yaml.launch.py
/home/ljj/dev_ws/install/learning_launch/share/learning_launch/launch/parameters_nonamespace.launch.py
/home/ljj/dev_ws/install/learning_launch/share/learning_launch/launch/parameters.launch.py
/home/ljj/dev_ws/install/learning_launch/share/learning_launch/launch/remapping.launch.py
/home/ljj/dev_ws/install/learning_launch/share/learning_launch/launch/rviz.launch.py
/home/ljj/dev_ws/install/learning_launch/share/learning_launch/launch/namespaces.launch.py
/home/ljj/dev_ws/install/learning_launch/share/learning_launch/launch/simple.launch.py
/home/ljj/dev_ws/install/learning_launch/share/learning_launch/config/turtlesim.yaml
/home/ljj/dev_ws/install/learning_launch/share/learning_launch/rviz/turtle_rviz.rviz
/home/ljj/dev_ws/install/learning_launch/lib/python3.8/site-packages/learning_launch-0.0.0-py3.8.egg-info/PKG-INFO
/home/ljj/dev_ws/install/learning_launch/lib/python3.8/site-packages/learning_launch-0.0.0-py3.8.egg-info/zip-safe
/home/ljj/dev_ws/install/learning_launch/lib/python3.8/site-packages/learning_launch-0.0.0-py3.8.egg-info/dependency_links.txt
/home/ljj/dev_ws/install/learning_launch/lib/python3.8/site-packages/learning_launch-0.0.0-py3.8.egg-info/requires.txt
/home/ljj/dev_ws/install/learning_launch/lib/python3.8/site-packages/learning_launch-0.0.0-py3.8.egg-info/SOURCES.txt
/home/ljj/dev_ws/install/learning_launch/lib/python3.8/site-packages/learning_launch-0.0.0-py3.8.egg-info/entry_points.txt
/home/ljj/dev_ws/install/learning_launch/lib/python3.8/site-packages/learning_launch-0.0.0-py3.8.egg-info/top_level.txt
